<?xml version="1.0" encoding="UTF-8" ?>
<testsuite errors="0" failures="2" hostname="macbookKWL.local" name="enigma.EnigmaTranspositionRotorTest" tests="5" time="0.347" timestamp="2013-05-24T16:41:03">
  <properties>
[...]
</properties>
  <testcase classname="enigma.EnigmaTranspositionRotorTest" name="testGetEnigmaRotor" time="0.009" />
  <testcase classname="enigma.EnigmaTranspositionRotorTest" name="testEnigmaTranpostionMaps" time="0.234">
    <failure message="expected:&lt;0&gt; but was:&lt;30&gt;" type="junit.framework.AssertionFailedError">junit.framework.AssertionFailedError: expected:&lt;0&gt; but was:&lt;30&gt;
	at enigma.EnigmaTranspositionRotorTest.testEnigmaTranpostionMaps(EnigmaTranspositionRotorTest.java:135)
</failure>
  </testcase>
  <testcase classname="enigma.EnigmaTranspositionRotorTest" name="testSetEnigmaRotor" time="0.001" />
  <testcase classname="enigma.EnigmaTranspositionRotorTest" name="testConstructor" time="0.0" />
  <testcase classname="enigma.EnigmaTranspositionRotorTest" name="testTranposeCharacter" time="0.007">
    <failure message="expected:&lt;0&gt; but was:&lt;26&gt;" type="junit.framework.AssertionFailedError">junit.framework.AssertionFailedError: expected:&lt;0&gt; but was:&lt;26&gt;
	at enigma.EnigmaTranspositionRotorTest.testTranposeCharacter(EnigmaTranspositionRotorTest.java:113)
</failure>
  </testcase>
  <system-out><![CDATA[getEnigmaRotor
Transposition Map Tests
=======================
   Transposition Map - INTERFACE
   FAILED Transposition Input = A Expected = A Actual =  
   FAILED Transposition Input = B Expected = B Actual =  
   FAILED Transposition Input = C Expected = C Actual =  
   FAILED Transposition Input = D Expected = D Actual =  
   FAILED Transposition Input = E Expected = E Actual =  
   FAILED Transposition Input = F Expected = F Actual =  
   FAILED Transposition Input = G Expected = G Actual =  
   FAILED Transposition Input = H Expected = H Actual =  
   FAILED Transposition Input = I Expected = I Actual =  
   FAILED Transposition Input = J Expected = J Actual =  
   FAILED Transposition Input = K Expected = K Actual =  
   FAILED Transposition Input = L Expected = L Actual =  
   FAILED Transposition Input = M Expected = M Actual =  
   FAILED Transposition Input = N Expected = N Actual =  
   FAILED Transposition Input = O Expected = O Actual =  
   FAILED Transposition Input = P Expected = P Actual =  
   FAILED Transposition Input = Q Expected = Q Actual =  
   FAILED Transposition Input = R Expected = R Actual =  
   FAILED Transposition Input = S Expected = S Actual =  
   FAILED Transposition Input = T Expected = T Actual =  
   FAILED Transposition Input = U Expected = U Actual =  
   FAILED Transposition Input = V Expected = V Actual =  
   FAILED Transposition Input = W Expected = W Actual =  
   FAILED Transposition Input = X Expected = X Actual =  
   FAILED Transposition Input = Y Expected = Y Actual =  
   FAILED Transposition Input = Z Expected = Z Actual =  
   Transposition Map - I_C
   FAILED Transposition Input = A Expected = D Actual =  
   FAILED Transposition Input = B Expected = M Actual =  
   FAILED Transposition Input = C Expected = T Actual =  
   FAILED Transposition Input = D Expected = W Actual =  
   FAILED Transposition Input = E Expected = S Actual =  
   FAILED Transposition Input = F Expected = I Actual =  
   FAILED Transposition Input = G Expected = L Actual =  
   FAILED Transposition Input = H Expected = R Actual =  
   FAILED Transposition Input = I Expected = U Actual =  
   FAILED Transposition Input = J Expected = Y Actual =  
   FAILED Transposition Input = K Expected = Q Actual =  
   FAILED Transposition Input = L Expected = N Actual =  
   FAILED Transposition Input = M Expected = K Actual =  
   FAILED Transposition Input = N Expected = F Actual =  
   FAILED Transposition Input = O Expected = E Actual =  
   FAILED Transposition Input = P Expected = J Actual =  
   FAILED Transposition Input = Q Expected = C Actual =  
   FAILED Transposition Input = R Expected = A Actual =  
   FAILED Transposition Input = S Expected = Z Actual =  
   FAILED Transposition Input = T Expected = B Actual =  
   FAILED Transposition Input = U Expected = P Actual =  
   FAILED Transposition Input = V Expected = G Actual =  
   FAILED Transposition Input = W Expected = X Actual =  
   FAILED Transposition Input = X Expected = O Actual =  
   FAILED Transposition Input = Y Expected = H Actual =  
   FAILED Transposition Input = Z Expected = V Actual =  
   Transposition Map - II_C
   FAILED Transposition Input = A Expected = H Actual =  
   FAILED Transposition Input = B Expected = Q Actual =  
   FAILED Transposition Input = C Expected = Z Actual =  
   FAILED Transposition Input = D Expected = G Actual =  
   FAILED Transposition Input = E Expected = P Actual =  
   FAILED Transposition Input = F Expected = J Actual =  
   FAILED Transposition Input = G Expected = T Actual =  
   FAILED Transposition Input = H Expected = M Actual =  
   FAILED Transposition Input = I Expected = O Actual =  
   FAILED Transposition Input = J Expected = B Actual =  
   FAILED Transposition Input = K Expected = L Actual =  
   FAILED Transposition Input = L Expected = N Actual =  
   FAILED Transposition Input = M Expected = C Actual =  
   FAILED Transposition Input = N Expected = I Actual =  
   FAILED Transposition Input = O Expected = F Actual =  
   FAILED Transposition Input = P Expected = D Actual =  
   FAILED Transposition Input = Q Expected = Y Actual =  
   FAILED Transposition Input = R Expected = A Actual =  
   FAILED Transposition Input = S Expected = W Actual =  
   FAILED Transposition Input = T Expected = V Actual =  
   FAILED Transposition Input = U Expected = E Actual =  
   FAILED Transposition Input = V Expected = U Actual =  
   FAILED Transposition Input = W Expected = S Actual =  
   FAILED Transposition Input = X Expected = R Actual =  
   FAILED Transposition Input = Y Expected = K Actual =  
   FAILED Transposition Input = Z Expected = X Actual =  
   Transposition Map - III_C
   FAILED Transposition Input = A Expected = U Actual =  
   FAILED Transposition Input = B Expected = Q Actual =  
   FAILED Transposition Input = C Expected = N Actual =  
   FAILED Transposition Input = D Expected = T Actual =  
   FAILED Transposition Input = E Expected = L Actual =  
   FAILED Transposition Input = F Expected = S Actual =  
   FAILED Transposition Input = G Expected = Z Actual =  
   FAILED Transposition Input = H Expected = F Actual =  
   FAILED Transposition Input = I Expected = M Actual =  
   FAILED Transposition Input = J Expected = R Actual =  
   FAILED Transposition Input = K Expected = E Actual =  
   FAILED Transposition Input = L Expected = H Actual =  
   FAILED Transposition Input = M Expected = D Actual =  
   FAILED Transposition Input = N Expected = P Actual =  
   FAILED Transposition Input = O Expected = X Actual =  
   FAILED Transposition Input = P Expected = K Actual =  
   FAILED Transposition Input = Q Expected = I Actual =  
   FAILED Transposition Input = R Expected = B Actual =  
   FAILED Transposition Input = S Expected = V Actual =  
   FAILED Transposition Input = T Expected = Y Actual =  
   FAILED Transposition Input = U Expected = G Actual =  
   FAILED Transposition Input = V Expected = J Actual =  
   FAILED Transposition Input = W Expected = C Actual =  
   FAILED Transposition Input = X Expected = W Actual =  
   FAILED Transposition Input = Y Expected = O Actual =  
   FAILED Transposition Input = Z Expected = A Actual =  
   Transposition Map - I_R
   FAILED Transposition Input = A Expected = J Actual =  
   FAILED Transposition Input = B Expected = G Actual =  
   FAILED Transposition Input = C Expected = D Actual =  
   FAILED Transposition Input = D Expected = Q Actual =  
   FAILED Transposition Input = E Expected = O Actual =  
   FAILED Transposition Input = F Expected = X Actual =  
   FAILED Transposition Input = G Expected = U Actual =  
   FAILED Transposition Input = H Expected = S Actual =  
   FAILED Transposition Input = I Expected = C Actual =  
   FAILED Transposition Input = J Expected = A Actual =  
   FAILED Transposition Input = K Expected = M Actual =  
   FAILED Transposition Input = L Expected = I Actual =  
   FAILED Transposition Input = M Expected = F Actual =  
   FAILED Transposition Input = N Expected = R Actual =  
   FAILED Transposition Input = O Expected = V Actual =  
   FAILED Transposition Input = P Expected = T Actual =  
   FAILED Transposition Input = Q Expected = P Actual =  
   FAILED Transposition Input = R Expected = N Actual =  
   FAILED Transposition Input = S Expected = E Actual =  
   FAILED Transposition Input = T Expected = W Actual =  
   FAILED Transposition Input = U Expected = K Actual =  
   FAILED Transposition Input = V Expected = B Actual =  
   FAILED Transposition Input = W Expected = L Actual =  
   FAILED Transposition Input = X Expected = Z Actual =  
   FAILED Transposition Input = Y Expected = Y Actual =  
   FAILED Transposition Input = Z Expected = H Actual =  
   Transposition Map - II_R
   FAILED Transposition Input = A Expected = N Actual =  
   FAILED Transposition Input = B Expected = T Actual =  
   FAILED Transposition Input = C Expected = Z Actual =  
   FAILED Transposition Input = D Expected = P Actual =  
   FAILED Transposition Input = E Expected = S Actual =  
   FAILED Transposition Input = F Expected = F Actual =  
   FAILED Transposition Input = G Expected = B Actual =  
   FAILED Transposition Input = H Expected = O Actual =  
   FAILED Transposition Input = I Expected = K Actual =  
   FAILED Transposition Input = J Expected = M Actual =  
   FAILED Transposition Input = K Expected = W Actual =  
   FAILED Transposition Input = L Expected = R Actual =  
   FAILED Transposition Input = M Expected = C Actual =  
   FAILED Transposition Input = N Expected = J Actual =  
   FAILED Transposition Input = O Expected = D Actual =  
   FAILED Transposition Input = P Expected = I Actual =  
   FAILED Transposition Input = Q Expected = V Actual =  
   FAILED Transposition Input = R Expected = L Actual =  
   FAILED Transposition Input = S Expected = A Actual =  
   FAILED Transposition Input = T Expected = E Actual =  
   FAILED Transposition Input = U Expected = Y Actual =  
   FAILED Transposition Input = V Expected = U Actual =  
   FAILED Transposition Input = W Expected = X Actual =  
   FAILED Transposition Input = X Expected = H Actual =  
   FAILED Transposition Input = Y Expected = G Actual =  
   FAILED Transposition Input = Z Expected = Q Actual =  
   Transposition Map - III_R
   FAILED Transposition Input = A Expected = J Actual =  
   FAILED Transposition Input = B Expected = V Actual =  
   FAILED Transposition Input = C Expected = I Actual =  
   FAILED Transposition Input = D Expected = U Actual =  
   FAILED Transposition Input = E Expected = B Actual =  
   FAILED Transposition Input = F Expected = H Actual =  
   FAILED Transposition Input = G Expected = T Actual =  
   FAILED Transposition Input = H Expected = C Actual =  
   FAILED Transposition Input = I Expected = D Actual =  
   FAILED Transposition Input = J Expected = Y Actual =  
   FAILED Transposition Input = K Expected = A Actual =  
   FAILED Transposition Input = L Expected = K Actual =  
   FAILED Transposition Input = M Expected = E Actual =  
   FAILED Transposition Input = N Expected = Q Actual =  
   FAILED Transposition Input = O Expected = Z Actual =  
   FAILED Transposition Input = P Expected = P Actual =  
   FAILED Transposition Input = Q Expected = O Actual =  
   FAILED Transposition Input = R Expected = S Actual =  
   FAILED Transposition Input = S Expected = G Actual =  
   FAILED Transposition Input = T Expected = X Actual =  
   FAILED Transposition Input = U Expected = N Actual =  
   FAILED Transposition Input = V Expected = R Actual =  
   FAILED Transposition Input = W Expected = M Actual =  
   FAILED Transposition Input = X Expected = W Actual =  
   FAILED Transposition Input = Y Expected = F Actual =  
   FAILED Transposition Input = Z Expected = L Actual =  
   Transposition Map - UKW_R
   FAILED Transposition Input = A Expected = Q Actual =  
   FAILED Transposition Input = B Expected = Y Actual =  
   FAILED Transposition Input = C Expected = H Actual =  
   FAILED Transposition Input = D Expected = O Actual =  
   FAILED Transposition Input = E Expected = G Actual =  
   FAILED Transposition Input = F Expected = N Actual =  
   FAILED Transposition Input = G Expected = E Actual =  
   FAILED Transposition Input = H Expected = C Actual =  
   FAILED Transposition Input = I Expected = V Actual =  
   FAILED Transposition Input = J Expected = P Actual =  
   FAILED Transposition Input = K Expected = U Actual =  
   FAILED Transposition Input = L Expected = Z Actual =  
   FAILED Transposition Input = M Expected = T Actual =  
   FAILED Transposition Input = N Expected = F Actual =  
   FAILED Transposition Input = O Expected = D Actual =  
   FAILED Transposition Input = P Expected = J Actual =  
   FAILED Transposition Input = Q Expected = A Actual =  
   FAILED Transposition Input = R Expected = X Actual =  
   FAILED Transposition Input = S Expected = W Actual =  
   FAILED Transposition Input = T Expected = M Actual =  
   FAILED Transposition Input = U Expected = K Actual =  
   FAILED Transposition Input = V Expected = I Actual =  
   FAILED Transposition Input = W Expected = S Actual =  
   FAILED Transposition Input = X Expected = R Actual =  
   FAILED Transposition Input = Y Expected = B Actual =  
   FAILED Transposition Input = Z Expected = L Actual =  
   Transposition Map - ETW_R
   FAILED Transposition Input = A Expected = Q Actual =  
   FAILED Transposition Input = B Expected = W Actual =  
   FAILED Transposition Input = C Expected = E Actual =  
   FAILED Transposition Input = D Expected = R Actual =  
   FAILED Transposition Input = E Expected = T Actual =  
   FAILED Transposition Input = F Expected = Z Actual =  
   FAILED Transposition Input = G Expected = U Actual =  
   FAILED Transposition Input = H Expected = I Actual =  
   FAILED Transposition Input = I Expected = O Actual =  
   FAILED Transposition Input = J Expected = A Actual =  
   FAILED Transposition Input = K Expected = S Actual =  
   FAILED Transposition Input = L Expected = D Actual =  
   FAILED Transposition Input = M Expected = F Actual =  
   FAILED Transposition Input = N Expected = G Actual =  
   FAILED Transposition Input = O Expected = H Actual =  
   FAILED Transposition Input = P Expected = J Actual =  
   FAILED Transposition Input = Q Expected = K Actual =  
   FAILED Transposition Input = R Expected = P Actual =  
   FAILED Transposition Input = S Expected = Y Actual =  
   FAILED Transposition Input = T Expected = X Actual =  
   FAILED Transposition Input = U Expected = C Actual =  
   FAILED Transposition Input = V Expected = V Actual =  
   FAILED Transposition Input = W Expected = B Actual =  
   FAILED Transposition Input = X Expected = N Actual =  
   FAILED Transposition Input = Y Expected = M Actual =  
   FAILED Transposition Input = Z Expected = L Actual =  
   Transposition Map - I_K
   FAILED Transposition Input = A Expected = P Actual =  
   FAILED Transposition Input = B Expected = E Actual =  
   FAILED Transposition Input = C Expected = Z Actual =  
   FAILED Transposition Input = D Expected = U Actual =  
   FAILED Transposition Input = E Expected = O Actual =  
   FAILED Transposition Input = F Expected = H Actual =  
   FAILED Transposition Input = G Expected = X Actual =  
   FAILED Transposition Input = H Expected = S Actual =  
   FAILED Transposition Input = I Expected = C Actual =  
   FAILED Transposition Input = J Expected = V Actual =  
   FAILED Transposition Input = K Expected = F Actual =  
   FAILED Transposition Input = L Expected = M Actual =  
   FAILED Transposition Input = M Expected = T Actual =  
   FAILED Transposition Input = N Expected = B Actual =  
   FAILED Transposition Input = O Expected = G Actual =  
   FAILED Transposition Input = P Expected = L Actual =  
   FAILED Transposition Input = Q Expected = R Actual =  
   FAILED Transposition Input = R Expected = I Actual =  
   FAILED Transposition Input = S Expected = N Actual =  
   FAILED Transposition Input = T Expected = Q Actual =  
   FAILED Transposition Input = U Expected = J Actual =  
   FAILED Transposition Input = V Expected = W Actual =  
   FAILED Transposition Input = W Expected = A Actual =  
   FAILED Transposition Input = X Expected = Y Actual =  
   FAILED Transposition Input = Y Expected = D Actual =  
   FAILED Transposition Input = Z Expected = K Actual =  
   Transposition Map - II_K
   FAILED Transposition Input = A Expected = Z Actual =  
   FAILED Transposition Input = B Expected = O Actual =  
   FAILED Transposition Input = C Expected = U Actual =  
   FAILED Transposition Input = D Expected = E Actual =  
   FAILED Transposition Input = E Expected = S Actual =  
   FAILED Transposition Input = F Expected = Y Actual =  
   FAILED Transposition Input = G Expected = D Actual =  
   FAILED Transposition Input = H Expected = K Actual =  
   FAILED Transposition Input = I Expected = F Actual =  
   FAILED Transposition Input = J Expected = W Actual =  
   FAILED Transposition Input = K Expected = P Actual =  
   FAILED Transposition Input = L Expected = C Actual =  
   FAILED Transposition Input = M Expected = I Actual =  
   FAILED Transposition Input = N Expected = Q Actual =  
   FAILED Transposition Input = O Expected = X Actual =  
   FAILED Transposition Input = P Expected = H Actual =  
   FAILED Transposition Input = Q Expected = M Actual =  
   FAILED Transposition Input = R Expected = V Actual =  
   FAILED Transposition Input = S Expected = B Actual =  
   FAILED Transposition Input = T Expected = L Actual =  
   FAILED Transposition Input = U Expected = G Actual =  
   FAILED Transposition Input = V Expected = N Actual =  
   FAILED Transposition Input = W Expected = J Actual =  
   FAILED Transposition Input = X Expected = R Actual =  
   FAILED Transposition Input = Y Expected = A Actual =  
   FAILED Transposition Input = Z Expected = T Actual =  
   Transposition Map - III_K
   FAILED Transposition Input = A Expected = E Actual =  
   FAILED Transposition Input = B Expected = H Actual =  
   FAILED Transposition Input = C Expected = R Actual =  
   FAILED Transposition Input = D Expected = V Actual =  
   FAILED Transposition Input = E Expected = X Actual =  
   FAILED Transposition Input = F Expected = G Actual =  
   FAILED Transposition Input = G Expected = A Actual =  
   FAILED Transposition Input = H Expected = O Actual =  
   FAILED Transposition Input = I Expected = B Actual =  
   FAILED Transposition Input = J Expected = Q Actual =  
   FAILED Transposition Input = K Expected = U Actual =  
   FAILED Transposition Input = L Expected = S Actual =  
   FAILED Transposition Input = M Expected = I Actual =  
   FAILED Transposition Input = N Expected = M Actual =  
   FAILED Transposition Input = O Expected = Z Actual =  
   FAILED Transposition Input = P Expected = F Actual =  
   FAILED Transposition Input = Q Expected = L Actual =  
   FAILED Transposition Input = R Expected = Y Actual =  
   FAILED Transposition Input = S Expected = N Actual =  
   FAILED Transposition Input = T Expected = W Actual =  
   FAILED Transposition Input = U Expected = K Actual =  
   FAILED Transposition Input = V Expected = T Actual =  
   FAILED Transposition Input = W Expected = P Actual =  
   FAILED Transposition Input = X Expected = D Actual =  
   FAILED Transposition Input = Y Expected = J Actual =  
   FAILED Transposition Input = Z Expected = C Actual =  
   Transposition Map - UKW_K
   FAILED Transposition Input = A Expected = I Actual =  
   FAILED Transposition Input = B Expected = M Actual =  
   FAILED Transposition Input = C Expected = E Actual =  
   FAILED Transposition Input = D Expected = T Actual =  
   FAILED Transposition Input = E Expected = C Actual =  
   FAILED Transposition Input = F Expected = G Actual =  
   FAILED Transposition Input = G Expected = F Actual =  
   FAILED Transposition Input = H Expected = R Actual =  
   FAILED Transposition Input = I Expected = A Actual =  
   FAILED Transposition Input = J Expected = Y Actual =  
   FAILED Transposition Input = K Expected = S Actual =  
   FAILED Transposition Input = L Expected = Q Actual =  
   FAILED Transposition Input = M Expected = B Actual =  
   FAILED Transposition Input = N Expected = Z Actual =  
   FAILED Transposition Input = O Expected = X Actual =  
   FAILED Transposition Input = P Expected = W Actual =  
   FAILED Transposition Input = Q Expected = L Actual =  
   FAILED Transposition Input = R Expected = H Actual =  
   FAILED Transposition Input = S Expected = K Actual =  
   FAILED Transposition Input = T Expected = D Actual =  
   FAILED Transposition Input = U Expected = V Actual =  
   FAILED Transposition Input = V Expected = U Actual =  
   FAILED Transposition Input = W Expected = P Actual =  
   FAILED Transposition Input = X Expected = O Actual =  
   FAILED Transposition Input = Y Expected = J Actual =  
   FAILED Transposition Input = Z Expected = N Actual =  
   Transposition Map - ETW_K
   FAILED Transposition Input = A Expected = Q Actual =  
   FAILED Transposition Input = B Expected = W Actual =  
   FAILED Transposition Input = C Expected = E Actual =  
   FAILED Transposition Input = D Expected = R Actual =  
   FAILED Transposition Input = E Expected = T Actual =  
   FAILED Transposition Input = F Expected = Z Actual =  
   FAILED Transposition Input = G Expected = U Actual =  
   FAILED Transposition Input = H Expected = I Actual =  
   FAILED Transposition Input = I Expected = O Actual =  
   FAILED Transposition Input = J Expected = A Actual =  
   FAILED Transposition Input = K Expected = S Actual =  
   FAILED Transposition Input = L Expected = D Actual =  
   FAILED Transposition Input = M Expected = F Actual =  
   FAILED Transposition Input = N Expected = G Actual =  
   FAILED Transposition Input = O Expected = H Actual =  
   FAILED Transposition Input = P Expected = J Actual =  
   FAILED Transposition Input = Q Expected = K Actual =  
   FAILED Transposition Input = R Expected = P Actual =  
   FAILED Transposition Input = S Expected = Y Actual =  
   FAILED Transposition Input = T Expected = X Actual =  
   FAILED Transposition Input = U Expected = C Actual =  
   FAILED Transposition Input = V Expected = V Actual =  
   FAILED Transposition Input = W Expected = B Actual =  
   FAILED Transposition Input = X Expected = N Actual =  
   FAILED Transposition Input = Y Expected = M Actual =  
   FAILED Transposition Input = Z Expected = L Actual =  
   Transposition Map - I
   FAILED Transposition Input = A Expected = E Actual =  
   FAILED Transposition Input = B Expected = K Actual =  
   FAILED Transposition Input = C Expected = M Actual =  
   FAILED Transposition Input = D Expected = F Actual =  
   FAILED Transposition Input = E Expected = L Actual =  
   FAILED Transposition Input = F Expected = G Actual =  
   FAILED Transposition Input = G Expected = D Actual =  
   FAILED Transposition Input = H Expected = Q Actual =  
   FAILED Transposition Input = I Expected = V Actual =  
   FAILED Transposition Input = J Expected = Z Actual =  
   FAILED Transposition Input = K Expected = N Actual =  
   FAILED Transposition Input = L Expected = T Actual =  
   FAILED Transposition Input = M Expected = O Actual =  
   FAILED Transposition Input = N Expected = W Actual =  
   FAILED Transposition Input = O Expected = Y Actual =  
   FAILED Transposition Input = P Expected = H Actual =  
   FAILED Transposition Input = Q Expected = X Actual =  
   FAILED Transposition Input = R Expected = U Actual =  
   FAILED Transposition Input = S Expected = S Actual =  
   FAILED Transposition Input = T Expected = P Actual =  
   FAILED Transposition Input = U Expected = A Actual =  
   FAILED Transposition Input = V Expected = I Actual =  
   FAILED Transposition Input = W Expected = B Actual =  
   FAILED Transposition Input = X Expected = R Actual =  
   FAILED Transposition Input = Y Expected = C Actual =  
   FAILED Transposition Input = Z Expected = J Actual =  
   Transposition Map - II
   FAILED Transposition Input = A Expected = A Actual =  
   FAILED Transposition Input = B Expected = J Actual =  
   FAILED Transposition Input = C Expected = D Actual =  
   FAILED Transposition Input = D Expected = K Actual =  
   FAILED Transposition Input = E Expected = S Actual =  
   FAILED Transposition Input = F Expected = I Actual =  
   FAILED Transposition Input = G Expected = R Actual =  
   FAILED Transposition Input = H Expected = U Actual =  
   FAILED Transposition Input = I Expected = X Actual =  
   FAILED Transposition Input = J Expected = B Actual =  
   FAILED Transposition Input = K Expected = L Actual =  
   FAILED Transposition Input = L Expected = H Actual =  
   FAILED Transposition Input = M Expected = W Actual =  
   FAILED Transposition Input = N Expected = T Actual =  
   FAILED Transposition Input = O Expected = M Actual =  
   FAILED Transposition Input = P Expected = C Actual =  
   FAILED Transposition Input = Q Expected = Q Actual =  
   FAILED Transposition Input = R Expected = G Actual =  
   FAILED Transposition Input = S Expected = Z Actual =  
   FAILED Transposition Input = T Expected = N Actual =  
   FAILED Transposition Input = U Expected = P Actual =  
   FAILED Transposition Input = V Expected = Y Actual =  
   FAILED Transposition Input = W Expected = F Actual =  
   FAILED Transposition Input = X Expected = V Actual =  
   FAILED Transposition Input = Y Expected = O Actual =  
   FAILED Transposition Input = Z Expected = E Actual =  
   Transposition Map - III
   FAILED Transposition Input = A Expected = B Actual =  
   FAILED Transposition Input = B Expected = D Actual =  
   FAILED Transposition Input = C Expected = F Actual =  
   FAILED Transposition Input = D Expected = H Actual =  
   FAILED Transposition Input = E Expected = J Actual =  
   FAILED Transposition Input = F Expected = L Actual =  
   FAILED Transposition Input = G Expected = C Actual =  
   FAILED Transposition Input = H Expected = P Actual =  
   FAILED Transposition Input = I Expected = R Actual =  
   FAILED Transposition Input = J Expected = T Actual =  
   FAILED Transposition Input = K Expected = X Actual =  
   FAILED Transposition Input = L Expected = V Actual =  
   FAILED Transposition Input = M Expected = Z Actual =  
   FAILED Transposition Input = N Expected = N Actual =  
   FAILED Transposition Input = O Expected = Y Actual =  
   FAILED Transposition Input = P Expected = E Actual =  
   FAILED Transposition Input = Q Expected = I Actual =  
   FAILED Transposition Input = R Expected = W Actual =  
   FAILED Transposition Input = S Expected = G Actual =  
   FAILED Transposition Input = T Expected = A Actual =  
   FAILED Transposition Input = U Expected = K Actual =  
   FAILED Transposition Input = V Expected = M Actual =  
   FAILED Transposition Input = W Expected = U Actual =  
   FAILED Transposition Input = X Expected = S Actual =  
   FAILED Transposition Input = Y Expected = Q Actual =  
   FAILED Transposition Input = Z Expected = O Actual =  
   Transposition Map - IV
   FAILED Transposition Input = A Expected = E Actual =  
   FAILED Transposition Input = B Expected = S Actual =  
   FAILED Transposition Input = C Expected = O Actual =  
   FAILED Transposition Input = D Expected = V Actual =  
   FAILED Transposition Input = E Expected = P Actual =  
   FAILED Transposition Input = F Expected = Z Actual =  
   FAILED Transposition Input = G Expected = J Actual =  
   FAILED Transposition Input = H Expected = A Actual =  
   FAILED Transposition Input = I Expected = Y Actual =  
   FAILED Transposition Input = J Expected = Q Actual =  
   FAILED Transposition Input = K Expected = U Actual =  
   FAILED Transposition Input = L Expected = I Actual =  
   FAILED Transposition Input = M Expected = R Actual =  
   FAILED Transposition Input = N Expected = H Actual =  
   FAILED Transposition Input = O Expected = X Actual =  
   FAILED Transposition Input = P Expected = L Actual =  
   FAILED Transposition Input = Q Expected = N Actual =  
   FAILED Transposition Input = R Expected = F Actual =  
   FAILED Transposition Input = S Expected = T Actual =  
   FAILED Transposition Input = T Expected = G Actual =  
   FAILED Transposition Input = U Expected = K Actual =  
   FAILED Transposition Input = V Expected = D Actual =  
   FAILED Transposition Input = W Expected = C Actual =  
   FAILED Transposition Input = X Expected = M Actual =  
   FAILED Transposition Input = Y Expected = W Actual =  
   FAILED Transposition Input = Z Expected = B Actual =  
   Transposition Map - V
   FAILED Transposition Input = A Expected = V Actual =  
   FAILED Transposition Input = B Expected = Z Actual =  
   FAILED Transposition Input = C Expected = B Actual =  
   FAILED Transposition Input = D Expected = R Actual =  
   FAILED Transposition Input = E Expected = G Actual =  
   FAILED Transposition Input = F Expected = I Actual =  
   FAILED Transposition Input = G Expected = T Actual =  
   FAILED Transposition Input = H Expected = Y Actual =  
   FAILED Transposition Input = I Expected = U Actual =  
   FAILED Transposition Input = J Expected = P Actual =  
   FAILED Transposition Input = K Expected = S Actual =  
   FAILED Transposition Input = L Expected = D Actual =  
   FAILED Transposition Input = M Expected = N Actual =  
   FAILED Transposition Input = N Expected = H Actual =  
   FAILED Transposition Input = O Expected = L Actual =  
   FAILED Transposition Input = P Expected = X Actual =  
   FAILED Transposition Input = Q Expected = A Actual =  
   FAILED Transposition Input = R Expected = W Actual =  
   FAILED Transposition Input = S Expected = M Actual =  
   FAILED Transposition Input = T Expected = J Actual =  
   FAILED Transposition Input = U Expected = Q Actual =  
   FAILED Transposition Input = V Expected = O Actual =  
   FAILED Transposition Input = W Expected = F Actual =  
   FAILED Transposition Input = X Expected = E Actual =  
   FAILED Transposition Input = Y Expected = C Actual =  
   FAILED Transposition Input = Z Expected = K Actual =  
   Transposition Map - VI
   FAILED Transposition Input = A Expected = J Actual =  
   FAILED Transposition Input = B Expected = P Actual =  
   FAILED Transposition Input = C Expected = G Actual =  
   FAILED Transposition Input = D Expected = V Actual =  
   FAILED Transposition Input = E Expected = O Actual =  
   FAILED Transposition Input = F Expected = U Actual =  
   FAILED Transposition Input = G Expected = M Actual =  
   FAILED Transposition Input = H Expected = F Actual =  
   FAILED Transposition Input = I Expected = Y Actual =  
   FAILED Transposition Input = J Expected = Q Actual =  
   FAILED Transposition Input = K Expected = B Actual =  
   FAILED Transposition Input = L Expected = E Actual =  
   FAILED Transposition Input = M Expected = N Actual =  
   FAILED Transposition Input = N Expected = H Actual =  
   FAILED Transposition Input = O Expected = Z Actual =  
   FAILED Transposition Input = P Expected = R Actual =  
   FAILED Transposition Input = Q Expected = D Actual =  
   FAILED Transposition Input = R Expected = K Actual =  
   FAILED Transposition Input = S Expected = A Actual =  
   FAILED Transposition Input = T Expected = S Actual =  
   FAILED Transposition Input = U Expected = X Actual =  
   FAILED Transposition Input = V Expected = L Actual =  
   FAILED Transposition Input = W Expected = I Actual =  
   FAILED Transposition Input = X Expected = C Actual =  
   FAILED Transposition Input = Y Expected = T Actual =  
   FAILED Transposition Input = Z Expected = W Actual =  
   Transposition Map - VII
   FAILED Transposition Input = A Expected = N Actual =  
   FAILED Transposition Input = B Expected = Z Actual =  
   FAILED Transposition Input = C Expected = J Actual =  
   FAILED Transposition Input = D Expected = H Actual =  
   FAILED Transposition Input = E Expected = G Actual =  
   FAILED Transposition Input = F Expected = R Actual =  
   FAILED Transposition Input = G Expected = C Actual =  
   FAILED Transposition Input = H Expected = X Actual =  
   FAILED Transposition Input = I Expected = M Actual =  
   FAILED Transposition Input = J Expected = Y Actual =  
   FAILED Transposition Input = K Expected = S Actual =  
   FAILED Transposition Input = L Expected = W Actual =  
   FAILED Transposition Input = M Expected = B Actual =  
   FAILED Transposition Input = N Expected = O Actual =  
   FAILED Transposition Input = O Expected = U Actual =  
   FAILED Transposition Input = P Expected = F Actual =  
   FAILED Transposition Input = Q Expected = A Actual =  
   FAILED Transposition Input = R Expected = I Actual =  
   FAILED Transposition Input = S Expected = V Actual =  
   FAILED Transposition Input = T Expected = L Actual =  
   FAILED Transposition Input = U Expected = P Actual =  
   FAILED Transposition Input = V Expected = E Actual =  
   FAILED Transposition Input = W Expected = K Actual =  
   FAILED Transposition Input = X Expected = Q Actual =  
   FAILED Transposition Input = Y Expected = D Actual =  
   FAILED Transposition Input = Z Expected = T Actual =  
   Transposition Map - VIII
   FAILED Transposition Input = A Expected = F Actual =  
   FAILED Transposition Input = B Expected = K Actual =  
   FAILED Transposition Input = C Expected = Q Actual =  
   FAILED Transposition Input = D Expected = H Actual =  
   FAILED Transposition Input = E Expected = T Actual =  
   FAILED Transposition Input = F Expected = L Actual =  
   FAILED Transposition Input = G Expected = X Actual =  
   FAILED Transposition Input = H Expected = O Actual =  
   FAILED Transposition Input = I Expected = C Actual =  
   FAILED Transposition Input = J Expected = B Actual =  
   FAILED Transposition Input = K Expected = J Actual =  
   FAILED Transposition Input = L Expected = S Actual =  
   FAILED Transposition Input = M Expected = P Actual =  
   FAILED Transposition Input = N Expected = D Actual =  
   FAILED Transposition Input = O Expected = Z Actual =  
   FAILED Transposition Input = P Expected = R Actual =  
   FAILED Transposition Input = Q Expected = A Actual =  
   FAILED Transposition Input = R Expected = M Actual =  
   FAILED Transposition Input = S Expected = E Actual =  
   FAILED Transposition Input = T Expected = W Actual =  
   FAILED Transposition Input = U Expected = N Actual =  
   FAILED Transposition Input = V Expected = I Actual =  
   FAILED Transposition Input = W Expected = U Actual =  
   FAILED Transposition Input = X Expected = Y Actual =  
   FAILED Transposition Input = Y Expected = G Actual =  
   FAILED Transposition Input = Z Expected = V Actual =  
   Transposition Map - BETA
   FAILED Transposition Input = A Expected = L Actual =  
   FAILED Transposition Input = B Expected = E Actual =  
   FAILED Transposition Input = C Expected = Y Actual =  
   FAILED Transposition Input = D Expected = J Actual =  
   FAILED Transposition Input = E Expected = V Actual =  
   FAILED Transposition Input = F Expected = C Actual =  
   FAILED Transposition Input = G Expected = N Actual =  
   FAILED Transposition Input = H Expected = I Actual =  
   FAILED Transposition Input = I Expected = X Actual =  
   FAILED Transposition Input = J Expected = W Actual =  
   FAILED Transposition Input = K Expected = P Actual =  
   FAILED Transposition Input = L Expected = B Actual =  
   FAILED Transposition Input = M Expected = Q Actual =  
   FAILED Transposition Input = N Expected = M Actual =  
   FAILED Transposition Input = O Expected = D Actual =  
   FAILED Transposition Input = P Expected = R Actual =  
   FAILED Transposition Input = Q Expected = T Actual =  
   FAILED Transposition Input = R Expected = A Actual =  
   FAILED Transposition Input = S Expected = K Actual =  
   FAILED Transposition Input = T Expected = Z Actual =  
   FAILED Transposition Input = U Expected = G Actual =  
   FAILED Transposition Input = V Expected = F Actual =  
   FAILED Transposition Input = W Expected = U Actual =  
   FAILED Transposition Input = X Expected = H Actual =  
   FAILED Transposition Input = Y Expected = O Actual =  
   FAILED Transposition Input = Z Expected = S Actual =  
   Transposition Map - GAMMA
   FAILED Transposition Input = A Expected = F Actual =  
   FAILED Transposition Input = B Expected = S Actual =  
   FAILED Transposition Input = C Expected = O Actual =  
   FAILED Transposition Input = D Expected = K Actual =  
   FAILED Transposition Input = E Expected = A Actual =  
   FAILED Transposition Input = F Expected = N Actual =  
   FAILED Transposition Input = G Expected = U Actual =  
   FAILED Transposition Input = H Expected = E Actual =  
   FAILED Transposition Input = I Expected = R Actual =  
   FAILED Transposition Input = J Expected = H Actual =  
   FAILED Transposition Input = K Expected = M Actual =  
   FAILED Transposition Input = L Expected = B Actual =  
   FAILED Transposition Input = M Expected = T Actual =  
   FAILED Transposition Input = N Expected = I Actual =  
   FAILED Transposition Input = O Expected = Y Actual =  
   FAILED Transposition Input = P Expected = C Actual =  
   FAILED Transposition Input = Q Expected = W Actual =  
   FAILED Transposition Input = R Expected = L Actual =  
   FAILED Transposition Input = S Expected = Q Actual =  
   FAILED Transposition Input = T Expected = P Actual =  
   FAILED Transposition Input = U Expected = Z Actual =  
   FAILED Transposition Input = V Expected = X Actual =  
   FAILED Transposition Input = W Expected = V Actual =  
   FAILED Transposition Input = X Expected = G Actual =  
   FAILED Transposition Input = Y Expected = J Actual =  
   FAILED Transposition Input = Z Expected = D Actual =  
   Transposition Map - REF_A
   FAILED Transposition Input = A Expected = E Actual =  
   FAILED Transposition Input = B Expected = J Actual =  
   FAILED Transposition Input = C Expected = M Actual =  
   FAILED Transposition Input = D Expected = Z Actual =  
   FAILED Transposition Input = E Expected = A Actual =  
   FAILED Transposition Input = F Expected = L Actual =  
   FAILED Transposition Input = G Expected = Y Actual =  
   FAILED Transposition Input = H Expected = X Actual =  
   FAILED Transposition Input = I Expected = V Actual =  
   FAILED Transposition Input = J Expected = B Actual =  
   FAILED Transposition Input = K Expected = W Actual =  
   FAILED Transposition Input = L Expected = F Actual =  
   FAILED Transposition Input = M Expected = C Actual =  
   FAILED Transposition Input = N Expected = R Actual =  
   FAILED Transposition Input = O Expected = Q Actual =  
   FAILED Transposition Input = P Expected = U Actual =  
   FAILED Transposition Input = Q Expected = O Actual =  
   FAILED Transposition Input = R Expected = N Actual =  
   FAILED Transposition Input = S Expected = T Actual =  
   FAILED Transposition Input = T Expected = S Actual =  
   FAILED Transposition Input = U Expected = P Actual =  
   FAILED Transposition Input = V Expected = I Actual =  
   FAILED Transposition Input = W Expected = K Actual =  
   FAILED Transposition Input = X Expected = H Actual =  
   FAILED Transposition Input = Y Expected = G Actual =  
   FAILED Transposition Input = Z Expected = D Actual =  
   Transposition Map - REF_B
   FAILED Transposition Input = A Expected = Y Actual =  
   FAILED Transposition Input = B Expected = R Actual =  
   FAILED Transposition Input = C Expected = U Actual =  
   FAILED Transposition Input = D Expected = H Actual =  
   FAILED Transposition Input = E Expected = Q Actual =  
   FAILED Transposition Input = F Expected = S Actual =  
   FAILED Transposition Input = G Expected = L Actual =  
   FAILED Transposition Input = H Expected = D Actual =  
   FAILED Transposition Input = I Expected = P Actual =  
   FAILED Transposition Input = J Expected = X Actual =  
   FAILED Transposition Input = K Expected = N Actual =  
   FAILED Transposition Input = L Expected = G Actual =  
   FAILED Transposition Input = M Expected = O Actual =  
   FAILED Transposition Input = N Expected = K Actual =  
   FAILED Transposition Input = O Expected = M Actual =  
   FAILED Transposition Input = P Expected = I Actual =  
   FAILED Transposition Input = Q Expected = E Actual =  
   FAILED Transposition Input = R Expected = B Actual =  
   FAILED Transposition Input = S Expected = F Actual =  
   FAILED Transposition Input = T Expected = Z Actual =  
   FAILED Transposition Input = U Expected = C Actual =  
   FAILED Transposition Input = V Expected = W Actual =  
   FAILED Transposition Input = W Expected = V Actual =  
   FAILED Transposition Input = X Expected = J Actual =  
   FAILED Transposition Input = Y Expected = A Actual =  
   FAILED Transposition Input = Z Expected = T Actual =  
   Transposition Map - REF_C
   FAILED Transposition Input = A Expected = F Actual =  
   FAILED Transposition Input = B Expected = V Actual =  
   FAILED Transposition Input = C Expected = P Actual =  
   FAILED Transposition Input = D Expected = J Actual =  
   FAILED Transposition Input = E Expected = I Actual =  
   FAILED Transposition Input = F Expected = A Actual =  
   FAILED Transposition Input = G Expected = O Actual =  
   FAILED Transposition Input = H Expected = Y Actual =  
   FAILED Transposition Input = I Expected = E Actual =  
   FAILED Transposition Input = J Expected = D Actual =  
   FAILED Transposition Input = K Expected = R Actual =  
   FAILED Transposition Input = L Expected = Z Actual =  
   FAILED Transposition Input = M Expected = X Actual =  
   FAILED Transposition Input = N Expected = W Actual =  
   FAILED Transposition Input = O Expected = G Actual =  
   FAILED Transposition Input = P Expected = C Actual =  
   FAILED Transposition Input = Q Expected = T Actual =  
   FAILED Transposition Input = R Expected = K Actual =  
   FAILED Transposition Input = S Expected = U Actual =  
   FAILED Transposition Input = T Expected = Q Actual =  
   FAILED Transposition Input = U Expected = S Actual =  
   FAILED Transposition Input = V Expected = B Actual =  
   FAILED Transposition Input = W Expected = N Actual =  
   FAILED Transposition Input = X Expected = M Actual =  
   FAILED Transposition Input = Y Expected = H Actual =  
   FAILED Transposition Input = Z Expected = L Actual =  
   Transposition Map - REF_B_THIN
   FAILED Transposition Input = A Expected = E Actual =  
   FAILED Transposition Input = B Expected = N Actual =  
   FAILED Transposition Input = C Expected = K Actual =  
   FAILED Transposition Input = D Expected = Q Actual =  
   FAILED Transposition Input = E Expected = A Actual =  
   FAILED Transposition Input = F Expected = U Actual =  
   FAILED Transposition Input = G Expected = Y Actual =  
   FAILED Transposition Input = H Expected = W Actual =  
   FAILED Transposition Input = I Expected = J Actual =  
   FAILED Transposition Input = J Expected = I Actual =  
   FAILED Transposition Input = K Expected = C Actual =  
   FAILED Transposition Input = L Expected = O Actual =  
   FAILED Transposition Input = M Expected = P Actual =  
   FAILED Transposition Input = N Expected = B Actual =  
   FAILED Transposition Input = O Expected = L Actual =  
   FAILED Transposition Input = P Expected = M Actual =  
   FAILED Transposition Input = Q Expected = D Actual =  
   FAILED Transposition Input = R Expected = X Actual =  
   FAILED Transposition Input = S Expected = Z Actual =  
   FAILED Transposition Input = T Expected = V Actual =  
   FAILED Transposition Input = U Expected = F Actual =  
   FAILED Transposition Input = V Expected = T Actual =  
   FAILED Transposition Input = W Expected = H Actual =  
   FAILED Transposition Input = X Expected = R Actual =  
   FAILED Transposition Input = Y Expected = G Actual =  
   FAILED Transposition Input = Z Expected = S Actual =  
   Transposition Map - REF_C_THIN
   FAILED Transposition Input = A Expected = R Actual =  
   FAILED Transposition Input = B Expected = D Actual =  
   FAILED Transposition Input = C Expected = O Actual =  
   FAILED Transposition Input = D Expected = B Actual =  
   FAILED Transposition Input = E Expected = J Actual =  
   FAILED Transposition Input = F Expected = N Actual =  
   FAILED Transposition Input = G Expected = T Actual =  
   FAILED Transposition Input = H Expected = K Actual =  
   FAILED Transposition Input = I Expected = V Actual =  
   FAILED Transposition Input = J Expected = E Actual =  
   FAILED Transposition Input = K Expected = H Actual =  
   FAILED Transposition Input = L Expected = M Actual =  
   FAILED Transposition Input = M Expected = L Actual =  
   FAILED Transposition Input = N Expected = F Actual =  
   FAILED Transposition Input = O Expected = C Actual =  
   FAILED Transposition Input = P Expected = W Actual =  
   FAILED Transposition Input = Q Expected = Z Actual =  
   FAILED Transposition Input = R Expected = A Actual =  
   FAILED Transposition Input = S Expected = X Actual =  
   FAILED Transposition Input = T Expected = G Actual =  
   FAILED Transposition Input = U Expected = Y Actual =  
   FAILED Transposition Input = V Expected = I Actual =  
   FAILED Transposition Input = W Expected = P Actual =  
   FAILED Transposition Input = X Expected = S Actual =  
   FAILED Transposition Input = Y Expected = U Actual =  
   FAILED Transposition Input = Z Expected = Q Actual =  
   Transposition Map - REF_ETW
   FAILED Transposition Input = A Expected = A Actual =  
   FAILED Transposition Input = B Expected = B Actual =  
   FAILED Transposition Input = C Expected = C Actual =  
   FAILED Transposition Input = D Expected = D Actual =  
   FAILED Transposition Input = E Expected = E Actual =  
   FAILED Transposition Input = F Expected = F Actual =  
   FAILED Transposition Input = G Expected = G Actual =  
   FAILED Transposition Input = H Expected = H Actual =  
   FAILED Transposition Input = I Expected = I Actual =  
   FAILED Transposition Input = J Expected = J Actual =  
   FAILED Transposition Input = K Expected = K Actual =  
   FAILED Transposition Input = L Expected = L Actual =  
   FAILED Transposition Input = M Expected = M Actual =  
   FAILED Transposition Input = N Expected = N Actual =  
   FAILED Transposition Input = O Expected = O Actual =  
   FAILED Transposition Input = P Expected = P Actual =  
   FAILED Transposition Input = Q Expected = Q Actual =  
   FAILED Transposition Input = R Expected = R Actual =  
   FAILED Transposition Input = S Expected = S Actual =  
   FAILED Transposition Input = T Expected = T Actual =  
   FAILED Transposition Input = U Expected = U Actual =  
   FAILED Transposition Input = V Expected = V Actual =  
   FAILED Transposition Input = W Expected = W Actual =  
   FAILED Transposition Input = X Expected = X Actual =  
   FAILED Transposition Input = Y Expected = Y Actual =  
   FAILED Transposition Input = Z Expected = Z Actual =  
getEnigmaRotor
Constructor
transposeCharacter
   FAILED Transposition Input = A Expected = D Actual =  
   FAILED Transposition Input = B Expected = M Actual =  
   FAILED Transposition Input = C Expected = T Actual =  
   FAILED Transposition Input = D Expected = W Actual =  
   FAILED Transposition Input = E Expected = S Actual =  
   FAILED Transposition Input = F Expected = I Actual =  
   FAILED Transposition Input = G Expected = L Actual =  
   FAILED Transposition Input = H Expected = R Actual =  
   FAILED Transposition Input = I Expected = U Actual =  
   FAILED Transposition Input = J Expected = Y Actual =  
   FAILED Transposition Input = K Expected = Q Actual =  
   FAILED Transposition Input = L Expected = N Actual =  
   FAILED Transposition Input = M Expected = K Actual =  
   FAILED Transposition Input = N Expected = F Actual =  
   FAILED Transposition Input = O Expected = E Actual =  
   FAILED Transposition Input = P Expected = J Actual =  
   FAILED Transposition Input = Q Expected = C Actual =  
   FAILED Transposition Input = R Expected = A Actual =  
   FAILED Transposition Input = S Expected = Z Actual =  
   FAILED Transposition Input = T Expected = B Actual =  
   FAILED Transposition Input = U Expected = P Actual =  
   FAILED Transposition Input = V Expected = G Actual =  
   FAILED Transposition Input = W Expected = X Actual =  
   FAILED Transposition Input = X Expected = O Actual =  
   FAILED Transposition Input = Y Expected = H Actual =  
   FAILED Transposition Input = Z Expected = V Actual =  
]]></system-out>
  <system-err><![CDATA[]]></system-err>
</testsuite>
